<?xml version="1.0" encoding="UTF-8"?>
<!-- Generated by org.testng.reporters.JUnitReportReporter -->
<testsuite skipped="0" hostname="MEHAVARNAN" name="com.orangehrm.hrmdemo.tests.LoginPageTest" tests="2" failures="0" timestamp="12 Jul 2018 14:38:03 GMT" time="22.083" errors="0">
  <testcase name="logoTest" time="9.553" classname="com.orangehrm.hrmdemo.tests.LoginPageTest"/>
  <testcase name="logintest" time="12.530" classname="com.orangehrm.hrmdemo.tests.LoginPageTest"/>
</testsuite> <!-- com.orangehrm.hrmdemo.tests.LoginPageTest -->
