<?xml version="1.0" encoding="UTF-8"?>
<!-- Generated by org.testng.reporters.JUnitReportReporter -->
<testsuite skipped="0" hostname="MEHAVARNAN" name="com.orangehrm.hrmdemo.tests.AddEmployeeTest" tests="1" failures="0" timestamp="23 Jul 2018 12:00:46 GMT" time="23.174" errors="0">
  <testcase name="addEmployeeWithoutPhotograph" time="23.174" classname="com.orangehrm.hrmdemo.tests.AddEmployeeTest"/>
</testsuite> <!-- com.orangehrm.hrmdemo.tests.AddEmployeeTest -->
