<?xml version="1.0" encoding="UTF-8"?>
<!-- Generated by org.testng.reporters.JUnitReportReporter -->
<testsuite skipped="0" hostname="MEHAVARNAN" name="com.orangehrm.hrmdemo.tests.HomePageTest" tests="2" failures="0" timestamp="13 Jul 2018 10:18:40 GMT" time="33.431" errors="0">
  <testcase name="verifyCurrentTab" time="13.886" classname="com.orangehrm.hrmdemo.tests.HomePageTest"/>
  <testcase name="verifyNavigationToAllTabs" time="19.545" classname="com.orangehrm.hrmdemo.tests.HomePageTest"/>
</testsuite> <!-- com.orangehrm.hrmdemo.tests.HomePageTest -->
