<?xml version="1.0" encoding="UTF-8"?>
<!-- Generated by org.testng.reporters.JUnitReportReporter -->
<testsuite skipped="0" hostname="MEHAVARNAN" name="com.orangehrm.hrmdemo.tests.HomePageTest" tests="1" failures="0" timestamp="13 Jul 2018 06:20:57 GMT" time="14.050" errors="0">
  <testcase name="verifyCurrentTab" time="14.050" classname="com.orangehrm.hrmdemo.tests.HomePageTest"/>
</testsuite> <!-- com.orangehrm.hrmdemo.tests.HomePageTest -->
