<?xml version="1.0" encoding="UTF-8"?>
<!-- Generated by org.testng.reporters.JUnitReportReporter -->
<testsuite skipped="2" hostname="MEHAVARNAN" name="com.orangehrm.hrmdemo.tests.HomePageTest" tests="2" failures="0" timestamp="15 Jul 2018 10:45:17 GMT" time="0.000" errors="0">
  <testcase name="verifyCurrentTab" time="0.000" classname="com.orangehrm.hrmdemo.tests.HomePageTest">
    <skipped/>
  </testcase> <!-- verifyCurrentTab -->
  <testcase name="verifyNavigationToAllTabs" time="0.000" classname="com.orangehrm.hrmdemo.tests.HomePageTest">
    <skipped/>
  </testcase> <!-- verifyNavigationToAllTabs -->
</testsuite> <!-- com.orangehrm.hrmdemo.tests.HomePageTest -->
