<?xml version="1.0" encoding="UTF-8"?>
<!-- Generated by org.testng.reporters.JUnitReportReporter -->
<testsuite skipped="2" hostname="MEHAVARNAN" name="com.orangehrm.hrmdemo.tests.PIMPageTest" tests="2" failures="0" timestamp="15 Jul 2018 10:45:17 GMT" time="0.000" errors="0">
  <testcase name="verifyNavigationToAllSubTabs" time="0.000" classname="com.orangehrm.hrmdemo.tests.PIMPageTest">
    <skipped/>
  </testcase> <!-- verifyNavigationToAllSubTabs -->
  <testcase name="addEmployeeWithoutPhotograph" time="0.000" classname="com.orangehrm.hrmdemo.tests.PIMPageTest">
    <skipped/>
  </testcase> <!-- addEmployeeWithoutPhotograph -->
</testsuite> <!-- com.orangehrm.hrmdemo.tests.PIMPageTest -->
