<?xml version="1.0" encoding="UTF-8"?>
<!-- Generated by org.testng.reporters.JUnitReportReporter -->
<testsuite skipped="0" hostname="MEHAVARNAN" name="com.orangehrm.hrmdemo.tests.LoginPageTest" tests="2" failures="0" timestamp="13 Jul 2018 10:18:40 GMT" time="24.896" errors="0">
  <testcase name="verifyLogo" time="10.339" classname="com.orangehrm.hrmdemo.tests.LoginPageTest"/>
  <testcase name="logintest" time="14.557" classname="com.orangehrm.hrmdemo.tests.LoginPageTest"/>
</testsuite> <!-- com.orangehrm.hrmdemo.tests.LoginPageTest -->
