<?xml version="1.0" encoding="UTF-8"?>
<!-- Generated by org.testng.reporters.JUnitReportReporter -->
<testsuite skipped="0" hostname="MEHAVARNAN" name="com.orangehrm.hrmdemo.tests.HomePageTest" tests="2" failures="0" timestamp="23 Jul 2018 11:37:24 GMT" time="33.960" errors="0">
  <testcase name="verifyCurrentTab" time="14.793" classname="com.orangehrm.hrmdemo.tests.HomePageTest"/>
  <testcase name="verifyNavigationToAllTabs" time="19.167" classname="com.orangehrm.hrmdemo.tests.HomePageTest"/>
</testsuite> <!-- com.orangehrm.hrmdemo.tests.HomePageTest -->
