<?xml version="1.0" encoding="UTF-8"?>
<!-- Generated by org.testng.reporters.JUnitReportReporter -->
<testsuite skipped="0" hostname="MEHAVARNAN" name="com.orangehrm.hrmdemo.tests.LoginPageTest" tests="2" failures="0" timestamp="23 Jul 2018 11:37:24 GMT" time="45.068" errors="0">
  <testcase name="verifyLogo" time="16.524" classname="com.orangehrm.hrmdemo.tests.LoginPageTest"/>
  <testcase name="logintest" time="28.544" classname="com.orangehrm.hrmdemo.tests.LoginPageTest"/>
</testsuite> <!-- com.orangehrm.hrmdemo.tests.LoginPageTest -->
