<?xml version="1.0" encoding="UTF-8"?>
<!-- Generated by org.testng.reporters.JUnitReportReporter -->
<testsuite skipped="0" hostname="MEHAVARNAN" name="com.orangehrm.hrmdemo.tests.HomePageTest" tests="1" failures="0" timestamp="12 Jul 2018 17:55:56 GMT" time="15.756" errors="0">
  <testcase name="verifyCurrentTab" time="15.756" classname="com.orangehrm.hrmdemo.tests.HomePageTest"/>
</testsuite> <!-- com.orangehrm.hrmdemo.tests.HomePageTest -->
