<?xml version="1.0" encoding="UTF-8"?>
<!-- Generated by org.testng.reporters.JUnitReportReporter -->
<testsuite skipped="0" hostname="MEHAVARNAN" name="com.orangehrm.hrmdemo.tests.EmployeeTest" tests="3" failures="0" timestamp="24 Jul 2018 08:30:35 GMT" time="81.705" errors="0">
  <testcase name="searchEmployeeWithName" time="21.560" classname="com.orangehrm.hrmdemo.tests.EmployeeTest"/>
  <testcase name="addEmployeeWithoutPhotograph" time="23.039" classname="com.orangehrm.hrmdemo.tests.EmployeeTest"/>
  <testcase name="deleteEmployee" time="37.106" classname="com.orangehrm.hrmdemo.tests.EmployeeTest"/>
</testsuite> <!-- com.orangehrm.hrmdemo.tests.EmployeeTest -->
