<?xml version="1.0" encoding="UTF-8"?>
<!-- Generated by org.testng.reporters.JUnitReportReporter -->
<testsuite skipped="2" hostname="MEHAVARNAN" name="com.orangehrm.hrmdemo.tests.LoginPageTest" tests="3" failures="0" timestamp="12 Jul 2018 16:46:03 GMT" time="15.720" errors="0">
  <testcase name="verifyCurrentTab" time="15.720" classname="com.orangehrm.hrmdemo.tests.LoginPageTest"/>
  <testcase name="logoTest" classname="com.orangehrm.hrmdemo.tests.LoginPageTest">
    <skipped/>
  </testcase> <!-- logoTest -->
  <testcase name="logintest" classname="com.orangehrm.hrmdemo.tests.LoginPageTest">
    <skipped/>
  </testcase> <!-- logintest -->
</testsuite> <!-- com.orangehrm.hrmdemo.tests.LoginPageTest -->
