<?xml version="1.0" encoding="UTF-8"?>
<!-- Generated by org.testng.reporters.JUnitReportReporter -->
<testsuite skipped="0" hostname="MEHAVARNAN" name="com.orangehrm.hrmdemo.tests.EmployeeListTest" tests="1" failures="0" timestamp="23 Jul 2018 12:19:48 GMT" time="19.477" errors="0">
  <testcase name="searchEmployeeWithName" time="19.477" classname="com.orangehrm.hrmdemo.tests.EmployeeListTest"/>
</testsuite> <!-- com.orangehrm.hrmdemo.tests.EmployeeListTest -->
